c:\users\--kentmathias--\documents\r1q2\ref_gl\build\temp\ref_gl\debug\vc141.pdb
c:\users\--kentmathias--\documents\r1q2\ref_gl\build\temp\ref_gl\debug\vc141.idb
c:\users\--kentmathias--\documents\r1q2\ref_gl\build\temp\ref_gl\debug\q_shared.obj
c:\users\--kentmathias--\documents\r1q2\ref_gl\build\temp\ref_gl\debug\glw_imp.obj
c:\users\--kentmathias--\documents\r1q2\ref_gl\build\temp\ref_gl\debug\qgl_win.obj
c:\users\--kentmathias--\documents\r1q2\ref_gl\build\temp\ref_gl\debug\q_shwin.obj
c:\users\--kentmathias--\documents\r1q2\ref_gl\build\temp\ref_gl\debug\gl_draw.obj
c:\users\--kentmathias--\documents\r1q2\ref_gl\build\temp\ref_gl\debug\gl_image.obj
c:\users\--kentmathias--\documents\r1q2\ref_gl\build\temp\ref_gl\debug\gl_light.obj
c:\users\--kentmathias--\documents\r1q2\ref_gl\build\temp\ref_gl\debug\gl_mesh.obj
c:\users\--kentmathias--\documents\r1q2\ref_gl\build\temp\ref_gl\debug\gl_model.obj
c:\users\--kentmathias--\documents\r1q2\ref_gl\build\temp\ref_gl\debug\gl_rmain.obj
c:\users\--kentmathias--\documents\r1q2\ref_gl\build\temp\ref_gl\debug\gl_rmisc.obj
c:\users\--kentmathias--\documents\r1q2\ref_gl\build\temp\ref_gl\debug\gl_rsurf.obj
c:\users\--kentmathias--\documents\r1q2\ref_gl\build\temp\ref_gl\debug\gl_warp.obj
c:\users\--kentmathias--\documents\r1q2\ref_gl\build\temp\ref_gl\debug\mirror.obj
c:\users\--kentmathias--\documents\r1q2\ref_gl\build\temp\ref_gl\debug\strafe_helper.obj
c:\users\--kentmathias--\documents\r1q2\ref_gl\build\binaries\debug\ref_r1gl.dll
c:\users\--kentmathias--\documents\r1q2\ref_gl\build\binaries\debug\ref_gl.pdb
c:\users\--kentmathias--\documents\r1q2\ref_gl\build\binaries\debug\ref_r1gl.lib
c:\users\--kentmathias--\documents\r1q2\ref_gl\build\binaries\debug\ref_r1gl.exp
c:\users\--kentmathias--\documents\r1q2\ref_gl\build\temp\ref_gl\debug\ref_gl.tlog\cl.command.1.tlog
c:\users\--kentmathias--\documents\r1q2\ref_gl\build\temp\ref_gl\debug\ref_gl.tlog\cl.read.1.tlog
c:\users\--kentmathias--\documents\r1q2\ref_gl\build\temp\ref_gl\debug\ref_gl.tlog\cl.write.1.tlog
c:\users\--kentmathias--\documents\r1q2\ref_gl\build\temp\ref_gl\debug\ref_gl.tlog\link.command.1.tlog
c:\users\--kentmathias--\documents\r1q2\ref_gl\build\temp\ref_gl\debug\ref_gl.tlog\link.read.1.tlog
c:\users\--kentmathias--\documents\r1q2\ref_gl\build\temp\ref_gl\debug\ref_gl.tlog\link.write.1.tlog
c:\users\--kentmathias--\documents\r1q2\ref_gl\build\temp\ref_gl\debug\ref_gl.tlog\ref_gl.write.1u.tlog
