cl : Command line warning D9035: option 'Gm' has been deprecated and will be removed in a future release
  strafe_helper.c
c:\users\--kentmathias--\documents\r1q2\include\zlib\zconf.h(355): warning C4005: 'ZEXPORT': macro redefinition
  c:\users\--kentmathias--\documents\r1q2\game\q_shared.h(34): note: see previous definition of 'ZEXPORT'
  gl_rmain.c
c:\users\--kentmathias--\documents\r1q2\include\zlib\zconf.h(355): warning C4005: 'ZEXPORT': macro redefinition
  c:\users\--kentmathias--\documents\r1q2\game\q_shared.h(34): note: see previous definition of 'ZEXPORT'
c:\users\--kentmathias--\documents\r1q2\ref_gl\gl_rmain.c(1659): warning C4996: 'strncpy': This function or variable may be unsafe. Consider using strncpy_s instead. To disable deprecation, use _CRT_SECURE_NO_WARNINGS. See online help for details.
  c:\program files (x86)\windows kits\10\include\10.0.10240.0\ucrt\string.h(340): note: see declaration of 'strncpy'
c:\users\--kentmathias--\documents\r1q2\ref_gl\gl_rmain.c(1660): warning C4996: '_strlwr': This function or variable may be unsafe. Consider using _strlwr_s instead. To disable deprecation, use _CRT_SECURE_NO_WARNINGS. See online help for details.
  c:\program files (x86)\windows kits\10\include\10.0.10240.0\ucrt\string.h(230): note: see declaration of '_strlwr'
c:\users\--kentmathias--\documents\r1q2\ref_gl\gl_rmain.c(1662): warning C4996: 'strncpy': This function or variable may be unsafe. Consider using strncpy_s instead. To disable deprecation, use _CRT_SECURE_NO_WARNINGS. See online help for details.
  c:\program files (x86)\windows kits\10\include\10.0.10240.0\ucrt\string.h(340): note: see declaration of 'strncpy'
c:\users\--kentmathias--\documents\r1q2\ref_gl\gl_rmain.c(1663): warning C4996: '_strlwr': This function or variable may be unsafe. Consider using _strlwr_s instead. To disable deprecation, use _CRT_SECURE_NO_WARNINGS. See online help for details.
  c:\program files (x86)\windows kits\10\include\10.0.10240.0\ucrt\string.h(230): note: see declaration of '_strlwr'
c:\users\--kentmathias--\documents\r1q2\ref_gl\gl_rmain.c(2459): warning C4996: 'vsprintf': This function or variable may be unsafe. Consider using vsprintf_s instead. To disable deprecation, use _CRT_SECURE_NO_WARNINGS. See online help for details.
  c:\program files (x86)\windows kits\10\include\10.0.10240.0\ucrt\stdio.h(1465): note: see declaration of 'vsprintf'
c:\users\--kentmathias--\documents\r1q2\ref_gl\gl_rmain.c(2471): warning C4996: 'vsprintf': This function or variable may be unsafe. Consider using vsprintf_s instead. To disable deprecation, use _CRT_SECURE_NO_WARNINGS. See online help for details.
  c:\program files (x86)\windows kits\10\include\10.0.10240.0\ucrt\stdio.h(1465): note: see declaration of 'vsprintf'
  Generating Code...
c:\users\--kentmathias--\documents\r1q2\ref_gl\gl_rmain.c(1155): warning C4700: uninitialized local variable 'params' used
C:\Program Files (x86)\Microsoft Visual Studio\2017\Community\Common7\IDE\VC\VCTargets\Microsoft.CppBuild.targets(1216,5): warning MSB8012: TargetPath(C:\Users\--KentMathias--\Documents\r1q2\ref_gl\./build/binaries/debug/ref_gl.dll) does not match the Linker's OutputFile property value (C:\Users\--KentMathias--\Documents\r1q2\ref_gl\build\binaries\debug\ref_r1gl.dll). This may cause your project to build incorrectly. To correct this, please make sure that $(OutDir), $(TargetName) and $(TargetExt) property values match the value specified in %(Link.OutputFile).
C:\Program Files (x86)\Microsoft Visual Studio\2017\Community\Common7\IDE\VC\VCTargets\Microsoft.CppBuild.targets(1218,5): warning MSB8012: TargetName(ref_gl) does not match the Linker's OutputFile property value (ref_r1gl). This may cause your project to build incorrectly. To correct this, please make sure that $(OutDir), $(TargetName) and $(TargetExt) property values match the value specified in %(Link.OutputFile).
     Creating library .\./build/binaries/debug\ref_r1gl.lib and object .\./build/binaries/debug\ref_r1gl.exp
  ref_gl.vcxproj -> C:\Users\--KentMathias--\Documents\r1q2\ref_gl\./build/binaries/debug/ref_gl.dll
