cl : Command line warning D9035: option 'Gm' has been deprecated and will be removed in a future release
  q_shared.c
c:\users\--kentmathias--\documents\r1q2\game\q_shared.h(39): fatal error C1083: Cannot open include file: 'zlib.h': No such file or directory
  p_weapon.c
c:\users\--kentmathias--\documents\r1q2\game\q_shared.h(39): fatal error C1083: Cannot open include file: 'zlib.h': No such file or directory
  p_view.c
c:\users\--kentmathias--\documents\r1q2\game\q_shared.h(39): fatal error C1083: Cannot open include file: 'zlib.h': No such file or directory
  p_trail.c
c:\users\--kentmathias--\documents\r1q2\game\q_shared.h(39): fatal error C1083: Cannot open include file: 'zlib.h': No such file or directory
  p_hud.c
c:\users\--kentmathias--\documents\r1q2\game\q_shared.h(39): fatal error C1083: Cannot open include file: 'zlib.h': No such file or directory
  p_client.c
c:\users\--kentmathias--\documents\r1q2\game\q_shared.h(39): fatal error C1083: Cannot open include file: 'zlib.h': No such file or directory
  m_tank.c
c:\users\--kentmathias--\documents\r1q2\game\q_shared.h(39): fatal error C1083: Cannot open include file: 'zlib.h': No such file or directory
  m_supertank.c
c:\users\--kentmathias--\documents\r1q2\game\q_shared.h(39): fatal error C1083: Cannot open include file: 'zlib.h': No such file or directory
  m_soldier.c
c:\users\--kentmathias--\documents\r1q2\game\q_shared.h(39): fatal error C1083: Cannot open include file: 'zlib.h': No such file or directory
  m_parasite.c
c:\users\--kentmathias--\documents\r1q2\game\q_shared.h(39): fatal error C1083: Cannot open include file: 'zlib.h': No such file or directory
  m_mutant.c
c:\users\--kentmathias--\documents\r1q2\game\q_shared.h(39): fatal error C1083: Cannot open include file: 'zlib.h': No such file or directory
  m_move.c
c:\users\--kentmathias--\documents\r1q2\game\q_shared.h(39): fatal error C1083: Cannot open include file: 'zlib.h': No such file or directory
  m_medic.c
c:\users\--kentmathias--\documents\r1q2\game\q_shared.h(39): fatal error C1083: Cannot open include file: 'zlib.h': No such file or directory
  m_insane.c
c:\users\--kentmathias--\documents\r1q2\game\q_shared.h(39): fatal error C1083: Cannot open include file: 'zlib.h': No such file or directory
  m_infantry.c
c:\users\--kentmathias--\documents\r1q2\game\q_shared.h(39): fatal error C1083: Cannot open include file: 'zlib.h': No such file or directory
  m_hover.c
c:\users\--kentmathias--\documents\r1q2\game\q_shared.h(39): fatal error C1083: Cannot open include file: 'zlib.h': No such file or directory
  m_gunner.c
c:\users\--kentmathias--\documents\r1q2\game\q_shared.h(39): fatal error C1083: Cannot open include file: 'zlib.h': No such file or directory
  m_gladiator.c
c:\users\--kentmathias--\documents\r1q2\game\q_shared.h(39): fatal error C1083: Cannot open include file: 'zlib.h': No such file or directory
  m_flyer.c
c:\users\--kentmathias--\documents\r1q2\game\q_shared.h(39): fatal error C1083: Cannot open include file: 'zlib.h': No such file or directory
  m_float.c
c:\users\--kentmathias--\documents\r1q2\game\q_shared.h(39): fatal error C1083: Cannot open include file: 'zlib.h': No such file or directory
  Generating Code...
  Compiling...
  m_flipper.c
c:\users\--kentmathias--\documents\r1q2\game\q_shared.h(39): fatal error C1083: Cannot open include file: 'zlib.h': No such file or directory
  m_flash.c
c:\users\--kentmathias--\documents\r1q2\game\q_shared.h(39): fatal error C1083: Cannot open include file: 'zlib.h': No such file or directory
  m_chick.c
c:\users\--kentmathias--\documents\r1q2\game\q_shared.h(39): fatal error C1083: Cannot open include file: 'zlib.h': No such file or directory
  m_brain.c
c:\users\--kentmathias--\documents\r1q2\game\q_shared.h(39): fatal error C1083: Cannot open include file: 'zlib.h': No such file or directory
  m_boss32.c
c:\users\--kentmathias--\documents\r1q2\game\q_shared.h(39): fatal error C1083: Cannot open include file: 'zlib.h': No such file or directory
  m_boss31.c
c:\users\--kentmathias--\documents\r1q2\game\q_shared.h(39): fatal error C1083: Cannot open include file: 'zlib.h': No such file or directory
  m_boss3.c
c:\users\--kentmathias--\documents\r1q2\game\q_shared.h(39): fatal error C1083: Cannot open include file: 'zlib.h': No such file or directory
  m_boss2.c
c:\users\--kentmathias--\documents\r1q2\game\q_shared.h(39): fatal error C1083: Cannot open include file: 'zlib.h': No such file or directory
  m_berserk.c
c:\users\--kentmathias--\documents\r1q2\game\q_shared.h(39): fatal error C1083: Cannot open include file: 'zlib.h': No such file or directory
  m_actor.c
c:\users\--kentmathias--\documents\r1q2\game\q_shared.h(39): fatal error C1083: Cannot open include file: 'zlib.h': No such file or directory
  g_weapon.c
c:\users\--kentmathias--\documents\r1q2\game\q_shared.h(39): fatal error C1083: Cannot open include file: 'zlib.h': No such file or directory
  g_utils.c
c:\users\--kentmathias--\documents\r1q2\game\q_shared.h(39): fatal error C1083: Cannot open include file: 'zlib.h': No such file or directory
  g_turret.c
c:\users\--kentmathias--\documents\r1q2\game\q_shared.h(39): fatal error C1083: Cannot open include file: 'zlib.h': No such file or directory
  g_trigger.c
c:\users\--kentmathias--\documents\r1q2\game\q_shared.h(39): fatal error C1083: Cannot open include file: 'zlib.h': No such file or directory
  g_target.c
c:\users\--kentmathias--\documents\r1q2\game\q_shared.h(39): fatal error C1083: Cannot open include file: 'zlib.h': No such file or directory
  g_svcmds.c
c:\users\--kentmathias--\documents\r1q2\game\q_shared.h(39): fatal error C1083: Cannot open include file: 'zlib.h': No such file or directory
  g_spawn.c
c:\users\--kentmathias--\documents\r1q2\game\q_shared.h(39): fatal error C1083: Cannot open include file: 'zlib.h': No such file or directory
  g_save.c
c:\users\--kentmathias--\documents\r1q2\game\q_shared.h(39): fatal error C1083: Cannot open include file: 'zlib.h': No such file or directory
  g_phys.c
c:\users\--kentmathias--\documents\r1q2\game\q_shared.h(39): fatal error C1083: Cannot open include file: 'zlib.h': No such file or directory
  g_monster.c
c:\users\--kentmathias--\documents\r1q2\game\q_shared.h(39): fatal error C1083: Cannot open include file: 'zlib.h': No such file or directory
  Generating Code...
  Compiling...
  g_misc.c
c:\users\--kentmathias--\documents\r1q2\game\q_shared.h(39): fatal error C1083: Cannot open include file: 'zlib.h': No such file or directory
  g_main.c
c:\users\--kentmathias--\documents\r1q2\game\q_shared.h(39): fatal error C1083: Cannot open include file: 'zlib.h': No such file or directory
  g_items.c
c:\users\--kentmathias--\documents\r1q2\game\q_shared.h(39): fatal error C1083: Cannot open include file: 'zlib.h': No such file or directory
  g_func.c
c:\users\--kentmathias--\documents\r1q2\game\q_shared.h(39): fatal error C1083: Cannot open include file: 'zlib.h': No such file or directory
  g_combat.c
c:\users\--kentmathias--\documents\r1q2\game\q_shared.h(39): fatal error C1083: Cannot open include file: 'zlib.h': No such file or directory
  g_cmds.c
c:\users\--kentmathias--\documents\r1q2\game\q_shared.h(39): fatal error C1083: Cannot open include file: 'zlib.h': No such file or directory
  g_chase.c
c:\users\--kentmathias--\documents\r1q2\game\q_shared.h(39): fatal error C1083: Cannot open include file: 'zlib.h': No such file or directory
  g_ai.c
c:\users\--kentmathias--\documents\r1q2\game\q_shared.h(39): fatal error C1083: Cannot open include file: 'zlib.h': No such file or directory
  Generating Code...
